<?xml version="1.0" encoding="UTF-8"?>
<!-- Generated by org.testng.reporters.JUnitXMLReporter -->
<testsuite ignored="0" hostname="DESKTOP-TMBMQE6" failures="1" tests="2" name="OrgAdmin" time="77.822" errors="0" timestamp="16 Jan 2020 12:32:34 GMT">
  <testcase classname="Runner.TestRunner" name="feature" time="1.345">
    <failure type="cucumber.runtime.CucumberException" message="java.lang.NullPointerException">
      <![CDATA[cucumber.runtime.CucumberException: java.lang.NullPointerException
at cucumber.api.testng.TestNGCucumberRunner.runCucumber(TestNGCucumberRunner.java:69)
at Runner.TestRunner.feature(TestRunner.java:33)
at java.base/java.util.concurrent.FutureTask.run(FutureTask.java:264)
at java.base/java.util.concurrent.ThreadPoolExecutor.runWorker(ThreadPoolExecutor.java:1128)
at java.base/java.util.concurrent.ThreadPoolExecutor$Worker.run(ThreadPoolExecutor.java:628)
at java.base/java.lang.Thread.run(Thread.java:835)
Caused by: java.lang.NullPointerException
at Listeners.ExtentReportListener.captureScreenShot(ExtentReportListener.java:77)
at Listeners.ExtentReportListener.testStepHandle(ExtentReportListener.java:52)
at stepDefinitions.HomePage.Getin_to_Home_page(HomePage.java:84)
at ✽.Given User is on the home page(Homepage.feature:8)
... Removed 16 stack frames]]>
    </failure>
  </testcase> <!-- feature -->
  <testcase classname="Runner.TestRunner" name="feature" time="75.115"/>
</testsuite> <!-- OrgAdmin -->
