<?xml version="1.0" encoding="UTF-8"?>
<!-- Generated by org.testng.reporters.JUnitXMLReporter -->
<<<<<<< HEAD
<testsuite ignored="0" hostname="DESKTOP-E2KM5QI" failures="0" tests="1" name="OrgAdmin" time="96.633" errors="0" timestamp="17 Jan 2020 08:47:49 GMT">
  <testcase classname="Runner.TestRunner" name="feature" time="95.179"/>
=======
<testsuite ignored="0" hostname="DESKTOP-TMBMQE6" failures="1" tests="2" name="OrgAdmin" time="134.761" errors="0" timestamp="17 Jan 2020 07:12:20 GMT">
  <testcase classname="Runner.TestRunner" name="feature" time="84.658"/>
  <testcase classname="Runner.TestRunner" name="feature" time="48.925">
    <failure type="cucumber.runtime.CucumberException" message="cucumber.runtime.CucumberException: Arity mismatch: Step Definition &amp;apos;stepDefinitions.LoginstepDefinition.Enter_Credentials(String,String) in file:/C:/Users/ruchi/NEW_WorkPlace/OrgAdmin/target/classes/&amp;apos; with pattern [^User Enters the valid credentials] is declared with 2 parameters. However, the gherkin step has 0 arguments []. 
Step: Then User Enters the valid credentials">
      <![CDATA[cucumber.runtime.CucumberException: cucumber.runtime.CucumberException: Arity mismatch: Step Definition 'stepDefinitions.LoginstepDefinition.Enter_Credentials(String,String) in file:/C:/Users/ruchi/NEW_WorkPlace/OrgAdmin/target/classes/' with pattern [^User Enters the valid credentials] is declared with 2 parameters. However, the gherkin step has 0 arguments []. 
Step: Then User Enters the valid credentials
at cucumber.api.testng.TestNGCucumberRunner.runCucumber(TestNGCucumberRunner.java:69)
at Runner.TestRunner.feature(TestRunner.java:33)
at java.base/java.util.concurrent.FutureTask.run(FutureTask.java:264)
at java.base/java.util.concurrent.ThreadPoolExecutor.runWorker(ThreadPoolExecutor.java:1128)
at java.base/java.util.concurrent.ThreadPoolExecutor$Worker.run(ThreadPoolExecutor.java:628)
at java.base/java.lang.Thread.run(Thread.java:835)
Caused by: cucumber.runtime.CucumberException: Arity mismatch: Step Definition 'stepDefinitions.LoginstepDefinition.Enter_Credentials(String,String) in file:/C:/Users/ruchi/NEW_WorkPlace/OrgAdmin/target/classes/' with pattern [^User Enters the valid credentials] is declared with 2 parameters. However, the gherkin step has 0 arguments []. 
Step: Then User Enters the valid credentials
at cucumber.runtime.StepDefinitionMatch.arityMismatch(StepDefinitionMatch.java:102)
at cucumber.runtime.StepDefinitionMatch.transformedArgs(StepDefinitionMatch.java:60)
at cucumber.runtime.StepDefinitionMatch.runStep(StepDefinitionMatch.java:37)
at cucumber.runtime.Runtime.runStep(Runtime.java:300)
at cucumber.runtime.model.StepContainer.runStep(StepContainer.java:44)
at cucumber.runtime.model.StepContainer.runSteps(StepContainer.java:39)
at cucumber.runtime.model.CucumberScenario.run(CucumberScenario.java:44)
at cucumber.runtime.model.CucumberScenarioOutline.run(CucumberScenarioOutline.java:46)
at cucumber.runtime.model.CucumberFeature.run(CucumberFeature.java:165)
at cucumber.api.testng.TestNGCucumberRunner.runCucumber(TestNGCucumberRunner.java:63)
... 21 more
... Removed 16 stack frames]]>
    </failure>
  </testcase> <!-- feature -->
>>>>>>> branch 'master' of https://github.com/Ruchita-Sardesai/Regal_Selenium.git
</testsuite> <!-- OrgAdmin -->
