<?xml version="1.0" encoding="UTF-8"?>
<!-- Generated by org.testng.reporters.JUnitXMLReporter -->
<testsuite ignored="0" hostname="DESKTOP-E2KM5QI" failures="1" tests="3" name="OrgAdmin" time="168.126" errors="0" timestamp="15 Jan 2020 08:48:48 GMT">
  <testcase classname="Runner.TestRunner" name="feature" time="88.697"/>
  <testcase classname="Runner.TestRunner" name="feature" time="78.094"/>
  <testcase classname="Runner.TestRunner" name="feature" time="0.04">
    <failure type="cucumber.runtime.CucumberException" message="java.lang.NullPointerException">
      <![CDATA[cucumber.runtime.CucumberException: java.lang.NullPointerException
at cucumber.api.testng.TestNGCucumberRunner.runCucumber(TestNGCucumberRunner.java:69)
at Runner.TestRunner.feature(TestRunner.java:39)
at java.base/java.util.concurrent.FutureTask.run(FutureTask.java:264)
at java.base/java.util.concurrent.ThreadPoolExecutor.runWorker(ThreadPoolExecutor.java:1128)
at java.base/java.util.concurrent.ThreadPoolExecutor$Worker.run(ThreadPoolExecutor.java:628)
at java.base/java.lang.Thread.run(Thread.java:835)
Caused by: java.lang.NullPointerException
at Listeners.ExtentReportListener.captureScreenShot(ExtentReportListener.java:77)
at Listeners.ExtentReportListener.testStepHandle(ExtentReportListener.java:52)
at stepDefinitions.UsersPage.Getin_to_Home_page(UsersPage.java:38)
at ✽.Given Click on Add users button(usersPage.feature:6)
... Removed 16 stack frames]]>
    </failure>
  </testcase> <!-- feature -->
</testsuite> <!-- OrgAdmin -->
