<?xml version="1.0" encoding="UTF-8"?>
<testng-results ignored="0" total="1" passed="1" failed="0" skipped="0">
  <reporter-output>
  </reporter-output>
  <suite started-at="2020-01-14T12:12:23Z" name="BDD Test Suite" finished-at="2020-01-14T12:13:17Z" duration-ms="53849">
    <groups>
      <group name="cucumber">
        <method signature="TestRunner.feature(cucumber.api.testng.CucumberFeatureWrapper)[pri:0, instance:Runner.TestRunner@4c1d9d4b]" name="feature" class="Runner.TestRunner"/>
      </group> <!-- cucumber -->
    </groups>
    <test started-at="2020-01-14T12:12:23Z" name="OrgAdmin" finished-at="2020-01-14T12:13:17Z" duration-ms="53849">
      <class name="Runner.TestRunner">
        <test-method is-config="true" signature="setUpClass()[pri:0, instance:Runner.TestRunner@4c1d9d4b]" started-at="2020-01-14T12:12:24Z" name="setUpClass" finished-at="2020-01-14T12:12:24Z" duration-ms="351" status="PASS">
          <reporter-output>
          </reporter-output>
        </test-method> <!-- setUpClass -->
        <test-method signature="feature(cucumber.api.testng.CucumberFeatureWrapper)[pri:0, instance:Runner.TestRunner@4c1d9d4b]" started-at="2020-01-14T12:12:24Z" name="feature" description="Runs Cucumber Feature" data-provider="features" finished-at="2020-01-14T12:13:17Z" duration-ms="53070" status="PASS">
          <params>
            <param index="0">
              <value>
                <![CDATA[Home page feature]]>
              </value>
            </param>
          </params>
          <reporter-output>
          </reporter-output>
        </test-method> <!-- feature -->
        <test-method is-config="true" signature="tearDownClass()[pri:0, instance:Runner.TestRunner@4c1d9d4b]" started-at="2020-01-14T12:13:17Z" name="tearDownClass" finished-at="2020-01-14T12:13:17Z" duration-ms="8" status="PASS">
          <reporter-output>
          </reporter-output>
        </test-method> <!-- tearDownClass -->
      </class> <!-- Runner.TestRunner -->
    </test> <!-- OrgAdmin -->
  </suite> <!-- BDD Test Suite -->
</testng-results>
