<?xml version="1.0" encoding="UTF-8"?>
<testng-results ignored="0" total="3" passed="2" failed="1" skipped="0">
  <reporter-output>
  </reporter-output>
  <suite started-at="2020-01-15T08:45:59Z" name="BDD Test Suite" finished-at="2020-01-15T08:48:47Z" duration-ms="168126">
    <groups>
      <group name="cucumber">
        <method signature="TestRunner.feature(cucumber.api.testng.CucumberFeatureWrapper)[pri:0, instance:Runner.TestRunner@4c1d9d4b]" name="feature" class="Runner.TestRunner"/>
      </group> <!-- cucumber -->
    </groups>
    <test started-at="2020-01-15T08:45:59Z" name="OrgAdmin" finished-at="2020-01-15T08:48:47Z" duration-ms="168126">
      <class name="Runner.TestRunner">
        <test-method is-config="true" signature="setUpClass()[pri:0, instance:Runner.TestRunner@4c1d9d4b]" started-at="2020-01-15T08:45:59Z" name="setUpClass" finished-at="2020-01-15T08:46:00Z" duration-ms="583" status="PASS">
          <reporter-output>
          </reporter-output>
        </test-method> <!-- setUpClass -->
        <test-method signature="feature(cucumber.api.testng.CucumberFeatureWrapper)[pri:0, instance:Runner.TestRunner@4c1d9d4b]" started-at="2020-01-15T08:46:00Z" name="feature" description="Runs Cucumber Feature" data-provider="features" finished-at="2020-01-15T08:47:29Z" duration-ms="88697" status="PASS">
          <params>
            <param index="0">
              <value>
                <![CDATA[Home page feature]]>
              </value>
            </param>
          </params>
          <reporter-output>
          </reporter-output>
        </test-method> <!-- feature -->
        <test-method signature="feature(cucumber.api.testng.CucumberFeatureWrapper)[pri:0, instance:Runner.TestRunner@4c1d9d4b]" started-at="2020-01-15T08:47:29Z" name="feature" description="Runs Cucumber Feature" data-provider="features" finished-at="2020-01-15T08:48:47Z" duration-ms="78094" status="PASS">
          <params>
            <param index="0">
              <value>
                <![CDATA[Org Admin Login feature]]>
              </value>
            </param>
          </params>
          <reporter-output>
          </reporter-output>
        </test-method> <!-- feature -->
        <test-method signature="feature(cucumber.api.testng.CucumberFeatureWrapper)[pri:0, instance:Runner.TestRunner@4c1d9d4b]" started-at="2020-01-15T08:48:47Z" name="feature" description="Runs Cucumber Feature" data-provider="features" finished-at="2020-01-15T08:48:47Z" duration-ms="40" status="FAIL">
          <params>
            <param index="0">
              <value>
                <![CDATA[Add users]]>
              </value>
            </param>
          </params>
          <exception class="cucumber.runtime.CucumberException">
            <message>
              <![CDATA[java.lang.NullPointerException]]>
            </message>
            <full-stacktrace>
              <![CDATA[cucumber.runtime.CucumberException: java.lang.NullPointerException
at cucumber.api.testng.TestNGCucumberRunner.runCucumber(TestNGCucumberRunner.java:69)
at Runner.TestRunner.feature(TestRunner.java:39)
at java.base/jdk.internal.reflect.NativeMethodAccessorImpl.invoke0(Native Method)
at java.base/jdk.internal.reflect.NativeMethodAccessorImpl.invoke(NativeMethodAccessorImpl.java:62)
at java.base/jdk.internal.reflect.DelegatingMethodAccessorImpl.invoke(DelegatingMethodAccessorImpl.java:43)
at java.base/java.lang.reflect.Method.invoke(Method.java:567)
at org.testng.internal.MethodInvocationHelper.invokeMethod(MethodInvocationHelper.java:124)
at org.testng.internal.Invoker.invokeMethod(Invoker.java:583)
at org.testng.internal.Invoker.invokeTestMethod(Invoker.java:719)
at org.testng.internal.Invoker.invokeTestMethods(Invoker.java:989)
at org.testng.internal.TestMethodWorker.invokeTestMethods(TestMethodWorker.java:125)
at org.testng.internal.TestMethodWorker.run(TestMethodWorker.java:109)
at org.testng.TestRunner.privateRun(TestRunner.java:648)
at org.testng.TestRunner.run(TestRunner.java:505)
at org.testng.SuiteRunner.runTest(SuiteRunner.java:455)
at org.testng.SuiteRunner.access$000(SuiteRunner.java:40)
at org.testng.SuiteRunner$SuiteWorker.run(SuiteRunner.java:489)
at org.testng.internal.thread.ThreadUtil$1.call(ThreadUtil.java:52)
at java.base/java.util.concurrent.FutureTask.run(FutureTask.java:264)
at java.base/java.util.concurrent.ThreadPoolExecutor.runWorker(ThreadPoolExecutor.java:1128)
at java.base/java.util.concurrent.ThreadPoolExecutor$Worker.run(ThreadPoolExecutor.java:628)
at java.base/java.lang.Thread.run(Thread.java:835)
Caused by: java.lang.NullPointerException
at Listeners.ExtentReportListener.captureScreenShot(ExtentReportListener.java:77)
at Listeners.ExtentReportListener.testStepHandle(ExtentReportListener.java:52)
at stepDefinitions.UsersPage.Getin_to_Home_page(UsersPage.java:38)
at ✽.Given Click on Add users button(usersPage.feature:6)
]]>
            </full-stacktrace>
          </exception> <!-- cucumber.runtime.CucumberException -->
          <reporter-output>
          </reporter-output>
        </test-method> <!-- feature -->
        <test-method is-config="true" signature="tearDownClass()[pri:0, instance:Runner.TestRunner@4c1d9d4b]" started-at="2020-01-15T08:48:47Z" name="tearDownClass" finished-at="2020-01-15T08:48:47Z" duration-ms="23" status="PASS">
          <reporter-output>
          </reporter-output>
        </test-method> <!-- tearDownClass -->
      </class> <!-- Runner.TestRunner -->
    </test> <!-- OrgAdmin -->
  </suite> <!-- BDD Test Suite -->
</testng-results>
