<?xml version="1.0" encoding="UTF-8"?>
<testng-results ignored="0" total="1" passed="1" failed="0" skipped="0">
  <reporter-output>
  </reporter-output>
  <suite started-at="2020-02-17T12:33:24Z" name="BDD Test Suite" finished-at="2020-02-17T12:35:52Z" duration-ms="148171">
    <groups>
      <group name="cucumber">
        <method signature="TestRunner.feature(cucumber.api.testng.CucumberFeatureWrapper)[pri:0, instance:Runner.TestRunner@71b1176b]" name="feature" class="Runner.TestRunner"/>
      </group> <!-- cucumber -->
    </groups>
    <test started-at="2020-02-17T12:33:24Z" name="OrgAdmin" finished-at="2020-02-17T12:35:52Z" duration-ms="148171">
      <class name="Runner.TestRunner">
        <test-method is-config="true" signature="setUpClass()[pri:0, instance:Runner.TestRunner@71b1176b]" started-at="2020-02-17T12:33:25Z" name="setUpClass" finished-at="2020-02-17T12:33:25Z" duration-ms="909" status="PASS">
          <reporter-output>
          </reporter-output>
        </test-method> <!-- setUpClass -->
        <test-method signature="feature(cucumber.api.testng.CucumberFeatureWrapper)[pri:0, instance:Runner.TestRunner@71b1176b]" started-at="2020-02-17T12:33:26Z" name="feature" description="Runs Cucumber Feature" data-provider="features" finished-at="2020-02-17T12:35:52Z" duration-ms="146484" status="PASS">
          <params>
            <param index="0">
              <value>
                <![CDATA[Check Overviewpage]]>
              </value>
            </param>
          </params>
          <reporter-output>
          </reporter-output>
        </test-method> <!-- feature -->
        <test-method is-config="true" signature="tearDownClass()[pri:0, instance:Runner.TestRunner@71b1176b]" started-at="2020-02-17T12:35:52Z" name="tearDownClass" finished-at="2020-02-17T12:35:52Z" duration-ms="4" status="PASS">
          <reporter-output>
          </reporter-output>
        </test-method> <!-- tearDownClass -->
      </class> <!-- Runner.TestRunner -->
    </test> <!-- OrgAdmin -->
  </suite> <!-- BDD Test Suite -->
</testng-results>
