<?xml version="1.0" encoding="UTF-8"?>
<!-- Generated by org.testng.reporters.JUnitReportReporter -->
<testsuite hostname="DESKTOP-TMBMQE6" failures="0" tests="2" name="Runner.TestRunner" time="133.583" errors="1" timestamp="17 Jan 2020 07:12:21 GMT" skipped="0">
  <testcase classname="Runner.TestRunner" name="feature" time="48.925">
    <error message="cucumber.runtime.CucumberException: Arity mismatch: Step Definition &#039;stepDefinitions.LoginstepDefinition.Enter_Credentials(String,String) in file:/C:/Users/ruchi/NEW_WorkPlace/OrgAdmin/target/classes/&#039; with pattern [^User Enters the valid credentials] is declared with 2 parameters. However, the gherkin step has 0 arguments []. 
Step: Then User Enters the valid credentials" type="cucumber.runtime.CucumberException">
      <![CDATA[cucumber.runtime.CucumberException: cucumber.runtime.CucumberException: Arity mismatch: Step Definition 'stepDefinitions.LoginstepDefinition.Enter_Credentials(String,String) in file:/C:/Users/ruchi/NEW_WorkPlace/OrgAdmin/target/classes/' with pattern [^User Enters the valid credentials] is declared with 2 parameters. However, the gherkin step has 0 arguments []. 
Step: Then User Enters the valid credentials
at cucumber.api.testng.TestNGCucumberRunner.runCucumber(TestNGCucumberRunner.java:69)
at Runner.TestRunner.feature(TestRunner.java:33)
at java.base/jdk.internal.reflect.NativeMethodAccessorImpl.invoke0(Native Method)
at java.base/jdk.internal.reflect.NativeMethodAccessorImpl.invoke(NativeMethodAccessorImpl.java:62)
at java.base/jdk.internal.reflect.DelegatingMethodAccessorImpl.invoke(DelegatingMethodAccessorImpl.java:43)
at java.base/java.lang.reflect.Method.invoke(Method.java:567)
at org.testng.internal.MethodInvocationHelper.invokeMethod(MethodInvocationHelper.java:124)
at org.testng.internal.Invoker.invokeMethod(Invoker.java:583)
at org.testng.internal.Invoker.invokeTestMethod(Invoker.java:719)
at org.testng.internal.Invoker.invokeTestMethods(Invoker.java:989)
at org.testng.internal.TestMethodWorker.invokeTestMethods(TestMethodWorker.java:125)
at org.testng.internal.TestMethodWorker.run(TestMethodWorker.java:109)
at org.testng.TestRunner.privateRun(TestRunner.java:648)
at org.testng.TestRunner.run(TestRunner.java:505)
at org.testng.SuiteRunner.runTest(SuiteRunner.java:455)
at org.testng.SuiteRunner.access$000(SuiteRunner.java:40)
at org.testng.SuiteRunner$SuiteWorker.run(SuiteRunner.java:489)
at org.testng.internal.thread.ThreadUtil$1.call(ThreadUtil.java:52)
at java.base/java.util.concurrent.FutureTask.run(FutureTask.java:264)
at java.base/java.util.concurrent.ThreadPoolExecutor.runWorker(ThreadPoolExecutor.java:1128)
at java.base/java.util.concurrent.ThreadPoolExecutor$Worker.run(ThreadPoolExecutor.java:628)
at java.base/java.lang.Thread.run(Thread.java:835)
Caused by: cucumber.runtime.CucumberException: Arity mismatch: Step Definition 'stepDefinitions.LoginstepDefinition.Enter_Credentials(String,String) in file:/C:/Users/ruchi/NEW_WorkPlace/OrgAdmin/target/classes/' with pattern [^User Enters the valid credentials] is declared with 2 parameters. However, the gherkin step has 0 arguments []. 
Step: Then User Enters the valid credentials
at cucumber.runtime.StepDefinitionMatch.arityMismatch(StepDefinitionMatch.java:102)
at cucumber.runtime.StepDefinitionMatch.transformedArgs(StepDefinitionMatch.java:60)
at cucumber.runtime.StepDefinitionMatch.runStep(StepDefinitionMatch.java:37)
at cucumber.runtime.Runtime.runStep(Runtime.java:300)
at cucumber.runtime.model.StepContainer.runStep(StepContainer.java:44)
at cucumber.runtime.model.StepContainer.runSteps(StepContainer.java:39)
at cucumber.runtime.model.CucumberScenario.run(CucumberScenario.java:44)
at cucumber.runtime.model.CucumberScenarioOutline.run(CucumberScenarioOutline.java:46)
at cucumber.runtime.model.CucumberFeature.run(CucumberFeature.java:165)
at cucumber.api.testng.TestNGCucumberRunner.runCucumber(TestNGCucumberRunner.java:63)
... 21 more
]]>
    </error>
  </testcase> <!-- feature -->
  <testcase classname="Runner.TestRunner" name="feature" time="84.658"/>
</testsuite> <!-- Runner.TestRunner -->
